<?xml version="1.0" encoding="UTF-8"?>
<beans xmlns="http://www.springframework.org/schema/beans" xmlns:xsi="http://www.w3.org/2001/XMLSchema-instance" xmlns:tx="http://www.springframework.org/schema/tx" xmlns:jpa="http://www.springframework.org/schema/data/jpa" xmlns:context="http://www.springframework.org/schema/context"
	xsi:schemaLocation="http://www.springframework.org/schema/beans 
	    http://www.springframework.org/schema/beans/spring-beans.xsd
        http://www.springframework.org/schema/tx http://www.springframework.org/schema/tx/spring-tx.xsd        
        http://www.springframework.org/schema/data/jpa 
        http://www.springframework.org/schema/data/jpa/spring-jpa.xsd
        http://www.springframework.org/schema/context
        http://www.springframework.org/schema/context/spring-context.xsd">

	<context:component-scan base-package="com.dms.model.dao, com.dms.business.service" />
	<context:annotation-config />
	<context:spring-configured />
	<jpa:repositories base-package="com.dms.model.repository" 
		factory-class="org.springframework.data.envers.repository.support.EnversRevisionRepositoryFactoryBean" />
    
    <bean id="DataSource"
        class="org.springframework.jdbc.datasource.DriverManagerDataSource">
        <property name="driverClassName" value="org.h2.Driver" />
<!--         <property name="url" value="jdbc:h2:tcp://localhost/~/testdb;MODE=MYSQL;" /> -->
        <property name="url" value="jdbc:h2:~/testdb;MODE=MYSQL;" />
        <property name="username" value="sa" />
        <property name="password" value="" />
	</bean>

    
    <!-- Entity Manager -->
  	 <bean id="entityManagerFactory" class="org.springframework.orm.jpa.LocalContainerEntityManagerFactoryBean"> 
		<property name="dataSource" ref="DataSource" />
		<property name="packagesToScan">
            <list>
                <value>com.dms.model.entity</value>
            </list>
        </property>
		<property name="jpaVendorAdapter">
			<bean class="org.springframework.orm.jpa.vendor.HibernateJpaVendorAdapter">
				<property name="showSql" value="true" />
				<property name="databasePlatform" value="org.hibernate.dialect.H2Dialect" />
				<property name="generateDdl" value="true" />
			</bean>
		</property>
		<property name="jpaProperties">
			<props>
                <prop key="hibernate.show_sql">true</prop>
                <prop key="hibernate.hbm2ddl.auto">update</prop>
                <prop key="hibernate.dialect">org.hibernate.dialect.H2Dialect</prop>
			</props>
		</property>
	</bean>

    <bean id="transactionManager" class="org.springframework.orm.jpa.JpaTransactionManager">
        <property name="entityManagerFactory" ref="entityManagerFactory"/>
    </bean> 
    
     <bean id="org.dozer.Mapper" class="org.dozer.DozerBeanMapper">
        <property name="mappingFiles" value="config/dozer-mapping.xml"/>
    </bean>

    <tx:annotation-driven/>

</beans>